TN:
SF:src\auth.js
FN:6,(anonymous_0)
FN:12,(anonymous_1)
FN:32,(anonymous_2)
FN:61,(anonymous_3)
FN:69,(anonymous_4)
FN:77,(anonymous_5)
FN:83,(anonymous_6)
FN:89,(anonymous_7)
FNF:8
FNH:8
FNDA:10,(anonymous_0)
FNDA:9,(anonymous_1)
FNDA:4,(anonymous_2)
FNDA:2,(anonymous_3)
FNDA:3,(anonymous_4)
FNDA:1,(anonymous_5)
FNDA:1,(anonymous_6)
FNDA:1,(anonymous_7)
DA:1,1
DA:2,1
DA:3,1
DA:7,10
DA:8,10
DA:9,10
DA:13,9
DA:14,1
DA:18,8
DA:19,8
DA:20,1
DA:23,7
DA:24,7
DA:26,7
DA:27,7
DA:29,7
DA:33,4
DA:34,4
DA:36,4
DA:37,1
DA:40,3
DA:41,0
DA:44,3
DA:45,3
DA:46,1
DA:49,2
DA:50,2
DA:58,2
DA:62,2
DA:63,2
DA:65,1
DA:70,3
DA:71,3
DA:72,0
DA:74,3
DA:78,1
DA:79,1
DA:80,1
DA:84,1
DA:85,1
DA:86,1
DA:90,1
DA:91,1
DA:92,1
DA:96,1
LF:45
LH:43
BRDA:13,0,0,1
BRDA:13,0,1,8
BRDA:19,1,0,1
BRDA:19,1,1,7
BRDA:36,2,0,1
BRDA:36,2,1,3
BRDA:36,3,0,4
BRDA:36,3,1,3
BRDA:40,4,0,0
BRDA:40,4,1,3
BRDA:45,5,0,1
BRDA:45,5,1,2
BRDA:71,6,0,0
BRDA:71,6,1,3
BRF:14
BRH:12
end_of_record
TN:
SF:src\user.js
FN:2,(anonymous_0)
FN:11,(anonymous_1)
FN:15,(anonymous_2)
FN:19,(anonymous_3)
FN:23,(anonymous_4)
FN:27,(anonymous_5)
FNF:6
FNH:6
FNDA:13,(anonymous_0)
FNDA:3,(anonymous_1)
FNDA:3,(anonymous_2)
FNDA:2,(anonymous_3)
FNDA:2,(anonymous_4)
FNDA:3,(anonymous_5)
DA:3,13
DA:4,13
DA:5,13
DA:6,13
DA:7,13
DA:8,13
DA:12,3
DA:16,3
DA:20,2
DA:24,2
DA:28,3
DA:39,2
LF:12
LH:12
BRDA:2,0,0,13
BRF:1
BRH:1
end_of_record
